
Showing logs for build [32mwei91004org-environment-wei9100-tbhwk-1[0m stage [32mfrom-build-pack[0m and container [32mstep-credential-initializer-k44zv[0m
{"level":"warn","ts":1583469494.1458023,"logger":"fallback-logger","caller":"logging/config.go:69","msg":"Fetch GitHub commit ID from kodata failed: \"ref: refs/heads/0.8.0-**-support-backwards-incompats\" is not a valid GitHub commit ID"}
{"level":"info","ts":1583469494.1465724,"logger":"fallback-logger","caller":"creds-init/main.go:40","msg":"Credentials initialized."}

Showing logs for build [32mwei91004org-environment-wei9100-tbhwk-1[0m stage [32mfrom-build-pack[0m and container [32mstep-working-dir-initializer-m6426[0m
{"level":"warn","ts":1583469495.0715275,"logger":"fallback-logger","caller":"logging/config.go:69","msg":"Fetch GitHub commit ID from kodata failed: open /var/run/ko/HEAD: no such file or directory"}
{"level":"info","ts":1583469495.07388,"logger":"fallback-logger","caller":"bash/main.go:64","msg":"Successfully executed command \"sh -c mkdir -p /workspace/source\"; output "}

Showing logs for build [32mwei91004org-environment-wei9100-tbhwk-1[0m stage [32mfrom-build-pack[0m and container [32mstep-place-tools[0m

Showing logs for build [32mwei91004org-environment-wei9100-tbhwk-1[0m stage [32mfrom-build-pack[0m and container [32mstep-git-source-wei91004org-environment-wei9100-tbhwk-7m2kl[0m
{"level":"warn","ts":1583469500.2516026,"logger":"fallback-logger","caller":"logging/config.go:69","msg":"Fetch GitHub commit ID from kodata failed: \"ref: refs/heads/0.8.0-**-support-backwards-incompats\" is not a valid GitHub commit ID"}
{"level":"info","ts":1583469500.7493765,"logger":"fallback-logger","caller":"git/git.go:103","msg":"Successfully cloned https://github.com/wei91004org/environment-wei91004-staging.git @ master in path /workspace/source"}

Showing logs for build [32mwei91004org-environment-wei9100-tbhwk-1[0m stage [32mfrom-build-pack[0m and container [32mstep-git-merge[0m
Using SHAs from PULL_REFS=master:ae3d54303742d7c4754e98563ea083a0dd06ec68,1:7b3287ffb0ac8995af17754f011b47e65f744f31
DEBUG: JX_LOG_LEVEL=error LC_ALL=C git fetch origin --unshallow 7b3287ffb0ac8995af17754f011b47e65f744f31: ae3d54303742d7c4754e98563ea083a0dd06ec68:
DEBUG: ran git fetch --unshallow origin 7b3287ffb0ac8995af17754f011b47e65f744f31: ae3d54303742d7c4754e98563ea083a0dd06ec68: in 
DEBUG: LC_ALL=C JX_LOG_LEVEL=error git branch
DEBUG: LC_ALL=C JX_LOG_LEVEL=error git checkout master
DEBUG: ran git checkout master in 
DEBUG: JX_LOG_LEVEL=error LC_ALL=C git reset --hard ae3d54303742d7c4754e98563ea083a0dd06ec68
DEBUG: ran git reset --hard ae3d54303742d7c4754e98563ea083a0dd06ec68 in 
DEBUG: LC_ALL=C JX_LOG_LEVEL=error git clean -fd .
DEBUG: ran clean --force -d . in 
DEBUG: LC_ALL=C JX_LOG_LEVEL=error git merge 7b3287ffb0ac8995af17754f011b47e65f744f31
DEBUG: ran git merge 7b3287ffb0ac8995af17754f011b47e65f744f31 in 
DEBUG: LC_ALL=C JX_LOG_LEVEL=error git log --format=%H%x1f%an%x1f%ae%x1f%cn%x1f%ce%x1f%s%n%b%x1e ae3d54303742d7c4754e98563ea083a0dd06ec68..HEAD
Merged SHA 7b3287ffb0ac8995af17754f011b47e65f744f31 with commit message 'chore: Promote widgetsweb to version 0.0.1' into base branch master

Showing logs for build [32mwei91004org-environment-wei9100-tbhwk-1[0m stage [32mfrom-build-pack[0m and container [32mstep-build-helm-build[0m
WARNING: No $CHART_REPOSITORY defined so using the default value of: http://jenkins-x-chartmuseum:8080
Adding missing Helm repo: storage.googleapis.com https://storage.googleapis.com/chartmuseum.jenkins-x.io
Successfully added Helm repository storage.googleapis.com.
Adding missing Helm repo: jenkins-x-chartmuseum http://jenkins-x-chartmuseum:8080
Successfully added Helm repository jenkins-x-chartmuseum.
WARNING: No $CHART_REPOSITORY defined so using the default value of: http://jenkins-x-chartmuseum:8080
Adding missing Helm repo: chartmuseum.jenkins-x.io http://chartmuseum.jenkins-x.io
Successfully added Helm repository chartmuseum.jenkins-x.io.
